0 info it worked if it ends with ok
1 verbose cli [ 'node', '/usr/local/bin/npm', 'install' ]
2 info using npm@1.4.28
3 info using node@v0.10.35
4 verbose readDependencies using package.json deps
5 verbose install where, deps [ '/Users/barisaydinoglu/Projects/Detectizr',
5 verbose install   [ 'grunt',
5 verbose install     'grunt-cli',
5 verbose install     'grunt-compare-size',
5 verbose install     'grunt-contrib-jshin',
5 verbose install     'grunt-contrib-qunit',
5 verbose install     'grunt-contrib-uglify',
5 verbose install     'grunt-git-authors',
5 verbose install     'grunt-jscs',
5 verbose install     'grunt-jsonlint',
5 verbose install     'grunt-npmcopy',
5 verbose install     'gzip-js',
5 verbose install     'load-grunt-tasks',
5 verbose install     'qunitjs',
5 verbose install     'q',
5 verbose install     'requirejs',
5 verbose install     'strip-json-comments' ] ]
6 info preinstall detectizr@2.1.0
7 verbose readDependencies using package.json deps
8 verbose cache add [ 'grunt-contrib-qunit@0.7.0', null ]
9 verbose cache add name=undefined spec="grunt-contrib-qunit@0.7.0" args=["grunt-contrib-qunit@0.7.0",null]
10 verbose parsed url { protocol: null,
10 verbose parsed url   slashes: null,
10 verbose parsed url   auth: null,
10 verbose parsed url   host: null,
10 verbose parsed url   port: null,
10 verbose parsed url   hostname: null,
10 verbose parsed url   hash: null,
10 verbose parsed url   search: null,
10 verbose parsed url   query: null,
10 verbose parsed url   pathname: 'grunt-contrib-qunit@0.7.0',
10 verbose parsed url   path: 'grunt-contrib-qunit@0.7.0',
10 verbose parsed url   href: 'grunt-contrib-qunit@0.7.0' }
11 verbose cache add [ 'grunt-contrib-uglify@0.9.2', null ]
12 verbose cache add name=undefined spec="grunt-contrib-uglify@0.9.2" args=["grunt-contrib-uglify@0.9.2",null]
13 verbose parsed url { protocol: null,
13 verbose parsed url   slashes: null,
13 verbose parsed url   auth: null,
13 verbose parsed url   host: null,
13 verbose parsed url   port: null,
13 verbose parsed url   hostname: null,
13 verbose parsed url   hash: null,
13 verbose parsed url   search: null,
13 verbose parsed url   query: null,
13 verbose parsed url   pathname: 'grunt-contrib-uglify@0.9.2',
13 verbose parsed url   path: 'grunt-contrib-uglify@0.9.2',
13 verbose parsed url   href: 'grunt-contrib-uglify@0.9.2' }
14 verbose cache add [ 'grunt-git-authors@3.0.0', null ]
15 verbose cache add name=undefined spec="grunt-git-authors@3.0.0" args=["grunt-git-authors@3.0.0",null]
16 verbose parsed url { protocol: null,
16 verbose parsed url   slashes: null,
16 verbose parsed url   auth: null,
16 verbose parsed url   host: null,
16 verbose parsed url   port: null,
16 verbose parsed url   hostname: null,
16 verbose parsed url   hash: null,
16 verbose parsed url   search: null,
16 verbose parsed url   query: null,
16 verbose parsed url   pathname: 'grunt-git-authors@3.0.0',
16 verbose parsed url   path: 'grunt-git-authors@3.0.0',
16 verbose parsed url   href: 'grunt-git-authors@3.0.0' }
17 verbose cache add name="grunt-contrib-qunit" spec="0.7.0" args=["grunt-contrib-qunit","0.7.0"]
18 verbose parsed url { protocol: null,
18 verbose parsed url   slashes: null,
18 verbose parsed url   auth: null,
18 verbose parsed url   host: null,
18 verbose parsed url   port: null,
18 verbose parsed url   hostname: null,
18 verbose parsed url   hash: null,
18 verbose parsed url   search: null,
18 verbose parsed url   query: null,
18 verbose parsed url   pathname: '0.7.0',
18 verbose parsed url   path: '0.7.0',
18 verbose parsed url   href: '0.7.0' }
19 verbose addNamed [ 'grunt-contrib-qunit', '0.7.0' ]
20 verbose addNamed [ '0.7.0', '0.7.0' ]
21 verbose cache add name="grunt-contrib-uglify" spec="0.9.2" args=["grunt-contrib-uglify","0.9.2"]
22 verbose parsed url { protocol: null,
22 verbose parsed url   slashes: null,
22 verbose parsed url   auth: null,
22 verbose parsed url   host: null,
22 verbose parsed url   port: null,
22 verbose parsed url   hostname: null,
22 verbose parsed url   hash: null,
22 verbose parsed url   search: null,
22 verbose parsed url   query: null,
22 verbose parsed url   pathname: '0.9.2',
22 verbose parsed url   path: '0.9.2',
22 verbose parsed url   href: '0.9.2' }
23 verbose addNamed [ 'grunt-contrib-uglify', '0.9.2' ]
24 verbose addNamed [ '0.9.2', '0.9.2' ]
25 verbose already installed skipping grunt-jscs@2.1.0 /Users/barisaydinoglu/Projects/Detectizr
26 verbose already installed skipping grunt-jsonlint@1.0.4 /Users/barisaydinoglu/Projects/Detectizr
27 verbose cache add name="grunt-git-authors" spec="3.0.0" args=["grunt-git-authors","3.0.0"]
28 verbose parsed url { protocol: null,
28 verbose parsed url   slashes: null,
28 verbose parsed url   auth: null,
28 verbose parsed url   host: null,
28 verbose parsed url   port: null,
28 verbose parsed url   hostname: null,
28 verbose parsed url   hash: null,
28 verbose parsed url   search: null,
28 verbose parsed url   query: null,
28 verbose parsed url   pathname: '3.0.0',
28 verbose parsed url   path: '3.0.0',
28 verbose parsed url   href: '3.0.0' }
29 verbose addNamed [ 'grunt-git-authors', '3.0.0' ]
30 verbose addNamed [ '3.0.0', '3.0.0' ]
31 silly lockFile b3b30a4c-grunt-contrib-qunit-0-7-0 grunt-contrib-qunit@0.7.0
32 verbose lock grunt-contrib-qunit@0.7.0 /Users/barisaydinoglu/.npm/b3b30a4c-grunt-contrib-qunit-0-7-0.lock
33 silly lockFile 42275d04-grunt-contrib-uglify-0-9-2 grunt-contrib-uglify@0.9.2
34 verbose lock grunt-contrib-uglify@0.9.2 /Users/barisaydinoglu/.npm/42275d04-grunt-contrib-uglify-0-9-2.lock
35 silly lockFile a6bf5afd-grunt-git-authors-3-0-0 grunt-git-authors@3.0.0
36 verbose lock grunt-git-authors@3.0.0 /Users/barisaydinoglu/.npm/a6bf5afd-grunt-git-authors-3-0-0.lock
37 verbose already installed skipping grunt-npmcopy@0.1.0 /Users/barisaydinoglu/Projects/Detectizr
38 verbose already installed skipping gzip-js@0.3.2 /Users/barisaydinoglu/Projects/Detectizr
39 verbose cache add [ 'load-grunt-tasks@3.2.0', null ]
40 verbose cache add name=undefined spec="load-grunt-tasks@3.2.0" args=["load-grunt-tasks@3.2.0",null]
41 verbose parsed url { protocol: null,
41 verbose parsed url   slashes: null,
41 verbose parsed url   auth: null,
41 verbose parsed url   host: null,
41 verbose parsed url   port: null,
41 verbose parsed url   hostname: null,
41 verbose parsed url   hash: null,
41 verbose parsed url   search: null,
41 verbose parsed url   query: null,
41 verbose parsed url   pathname: 'load-grunt-tasks@3.2.0',
41 verbose parsed url   path: 'load-grunt-tasks@3.2.0',
41 verbose parsed url   href: 'load-grunt-tasks@3.2.0' }
42 verbose already installed skipping qunitjs@1.17.1 /Users/barisaydinoglu/Projects/Detectizr
43 verbose already installed skipping q@1.1.2 /Users/barisaydinoglu/Projects/Detectizr
44 verbose cache add name="load-grunt-tasks" spec="3.2.0" args=["load-grunt-tasks","3.2.0"]
45 verbose parsed url { protocol: null,
45 verbose parsed url   slashes: null,
45 verbose parsed url   auth: null,
45 verbose parsed url   host: null,
45 verbose parsed url   port: null,
45 verbose parsed url   hostname: null,
45 verbose parsed url   hash: null,
45 verbose parsed url   search: null,
45 verbose parsed url   query: null,
45 verbose parsed url   pathname: '3.2.0',
45 verbose parsed url   path: '3.2.0',
45 verbose parsed url   href: '3.2.0' }
46 verbose addNamed [ 'load-grunt-tasks', '3.2.0' ]
47 verbose addNamed [ '3.2.0', '3.2.0' ]
48 silly lockFile 495e6301-load-grunt-tasks-3-2-0 load-grunt-tasks@3.2.0
49 verbose lock load-grunt-tasks@3.2.0 /Users/barisaydinoglu/.npm/495e6301-load-grunt-tasks-3-2-0.lock
50 verbose already installed skipping requirejs@2.1.17 /Users/barisaydinoglu/Projects/Detectizr
51 verbose already installed skipping strip-json-comments@1.0.3 /Users/barisaydinoglu/Projects/Detectizr
52 verbose request where is /grunt-contrib-uglify
53 verbose request registry https://registry.npmjs.org/
54 verbose request id 5ecaf46a7f3d1e04
55 verbose url raw /grunt-contrib-uglify
56 verbose url resolving [ 'https://registry.npmjs.org/', './grunt-contrib-uglify' ]
57 verbose url resolved https://registry.npmjs.org/grunt-contrib-uglify
58 verbose request where is https://registry.npmjs.org/grunt-contrib-uglify
59 info trying registry request attempt 1 at 00:07:38
60 verbose etag "2LV4EDDE2PK7BTAYQVOQ4YLGZ"
61 http GET https://registry.npmjs.org/grunt-contrib-uglify
62 verbose already installed skipping grunt@0.4.5 /Users/barisaydinoglu/Projects/Detectizr
63 verbose already installed skipping grunt-cli@0.1.13 /Users/barisaydinoglu/Projects/Detectizr
64 verbose already installed skipping grunt-compare-size@0.4.0 /Users/barisaydinoglu/Projects/Detectizr
65 verbose cache add [ 'grunt-contrib-jshin@0.11.2', null ]
66 verbose cache add name=undefined spec="grunt-contrib-jshin@0.11.2" args=["grunt-contrib-jshin@0.11.2",null]
67 verbose parsed url { protocol: null,
67 verbose parsed url   slashes: null,
67 verbose parsed url   auth: null,
67 verbose parsed url   host: null,
67 verbose parsed url   port: null,
67 verbose parsed url   hostname: null,
67 verbose parsed url   hash: null,
67 verbose parsed url   search: null,
67 verbose parsed url   query: null,
67 verbose parsed url   pathname: 'grunt-contrib-jshin@0.11.2',
67 verbose parsed url   path: 'grunt-contrib-jshin@0.11.2',
67 verbose parsed url   href: 'grunt-contrib-jshin@0.11.2' }
68 verbose request where is /grunt-contrib-qunit
69 verbose request registry https://registry.npmjs.org/
70 verbose url raw /grunt-contrib-qunit
71 verbose url resolving [ 'https://registry.npmjs.org/', './grunt-contrib-qunit' ]
72 verbose url resolved https://registry.npmjs.org/grunt-contrib-qunit
73 verbose request where is https://registry.npmjs.org/grunt-contrib-qunit
74 info trying registry request attempt 1 at 00:07:38
75 verbose etag "GMFP7SL0QP5DHSQYEZEBZWI2"
76 http GET https://registry.npmjs.org/grunt-contrib-qunit
77 verbose request where is /grunt-git-authors
78 verbose request registry https://registry.npmjs.org/
79 verbose url raw /grunt-git-authors
80 verbose url resolving [ 'https://registry.npmjs.org/', './grunt-git-authors' ]
81 verbose url resolved https://registry.npmjs.org/grunt-git-authors
82 verbose request where is https://registry.npmjs.org/grunt-git-authors
83 info trying registry request attempt 1 at 00:07:38
84 verbose etag "6DRYYOF46DAGIPSE1KQCG89DY"
85 http GET https://registry.npmjs.org/grunt-git-authors
86 verbose request where is /load-grunt-tasks
87 verbose request registry https://registry.npmjs.org/
88 verbose url raw /load-grunt-tasks
89 verbose url resolving [ 'https://registry.npmjs.org/', './load-grunt-tasks' ]
90 verbose url resolved https://registry.npmjs.org/load-grunt-tasks
91 verbose request where is https://registry.npmjs.org/load-grunt-tasks
92 info trying registry request attempt 1 at 00:07:38
93 verbose etag "6VMZ5B7CMXFJSLCEDECG18HXW"
94 http GET https://registry.npmjs.org/load-grunt-tasks
95 verbose cache add name="grunt-contrib-jshin" spec="0.11.2" args=["grunt-contrib-jshin","0.11.2"]
96 verbose parsed url { protocol: null,
96 verbose parsed url   slashes: null,
96 verbose parsed url   auth: null,
96 verbose parsed url   host: null,
96 verbose parsed url   port: null,
96 verbose parsed url   hostname: null,
96 verbose parsed url   hash: null,
96 verbose parsed url   search: null,
96 verbose parsed url   query: null,
96 verbose parsed url   pathname: '0.11.2',
96 verbose parsed url   path: '0.11.2',
96 verbose parsed url   href: '0.11.2' }
97 verbose addNamed [ 'grunt-contrib-jshin', '0.11.2' ]
98 verbose addNamed [ '0.11.2', '0.11.2' ]
99 silly lockFile 8f4477b6-grunt-contrib-jshin-0-11-2 grunt-contrib-jshin@0.11.2
100 verbose lock grunt-contrib-jshin@0.11.2 /Users/barisaydinoglu/.npm/8f4477b6-grunt-contrib-jshin-0-11-2.lock
101 verbose request where is /grunt-contrib-jshin
102 verbose request registry https://registry.npmjs.org/
103 verbose url raw /grunt-contrib-jshin
104 verbose url resolving [ 'https://registry.npmjs.org/', './grunt-contrib-jshin' ]
105 verbose url resolved https://registry.npmjs.org/grunt-contrib-jshin
106 verbose request where is https://registry.npmjs.org/grunt-contrib-jshin
107 info trying registry request attempt 1 at 00:07:40
108 http GET https://registry.npmjs.org/grunt-contrib-jshin
109 http 304 https://registry.npmjs.org/load-grunt-tasks
110 silly registry.get cb [ 304,
110 silly registry.get   { date: 'Wed, 02 Sep 2015 21:07:40 GMT',
110 silly registry.get     via: '1.1 varnish',
110 silly registry.get     'cache-control': 'max-age=60',
110 silly registry.get     etag: '"6VMZ5B7CMXFJSLCEDECG18HXW"',
110 silly registry.get     age: '52',
110 silly registry.get     connection: 'keep-alive',
110 silly registry.get     'x-served-by': 'cache-fra1245-FRA',
110 silly registry.get     'x-cache': 'HIT',
110 silly registry.get     'x-cache-hits': '1',
110 silly registry.get     'x-timer': 'S1441228060.446588,VS0,VE0',
110 silly registry.get     vary: 'Accept' } ]
111 verbose etag https://registry.npmjs.org/load-grunt-tasks from cache
112 silly lockFile 1ab96274-tasks-load-grunt-tasks-3-2-0-tgz https://registry.npmjs.org/load-grunt-tasks/-/load-grunt-tasks-3.2.0.tgz
113 verbose lock https://registry.npmjs.org/load-grunt-tasks/-/load-grunt-tasks-3.2.0.tgz /Users/barisaydinoglu/.npm/1ab96274-tasks-load-grunt-tasks-3-2-0-tgz.lock
114 verbose addRemoteTarball [ 'https://registry.npmjs.org/load-grunt-tasks/-/load-grunt-tasks-3.2.0.tgz',
114 verbose addRemoteTarball   '25fe7e414ba0645a752bb06f52491b422332036f' ]
115 info retry fetch attempt 1 at 00:07:40
116 verbose fetch to= /tmp/npm-25816-aeZJHLjH/registry.npmjs.org/load-grunt-tasks/-/load-grunt-tasks-3.2.0.tgz
117 http GET https://registry.npmjs.org/load-grunt-tasks/-/load-grunt-tasks-3.2.0.tgz
118 http 304 https://registry.npmjs.org/grunt-contrib-uglify
119 silly registry.get cb [ 304,
119 silly registry.get   { date: 'Wed, 02 Sep 2015 21:07:40 GMT',
119 silly registry.get     via: '1.1 varnish',
119 silly registry.get     'cache-control': 'max-age=60',
119 silly registry.get     etag: '"2LV4EDDE2PK7BTAYQVOQ4YLGZ"',
119 silly registry.get     age: '53',
119 silly registry.get     connection: 'keep-alive',
119 silly registry.get     'x-served-by': 'cache-fra1221-FRA',
119 silly registry.get     'x-cache': 'HIT',
119 silly registry.get     'x-cache-hits': '1',
119 silly registry.get     'x-timer': 'S1441228060.472121,VS0,VE0',
119 silly registry.get     vary: 'Accept' } ]
120 verbose etag https://registry.npmjs.org/grunt-contrib-uglify from cache
121 silly lockFile 3174881f-y-grunt-contrib-uglify-0-9-2-tgz https://registry.npmjs.org/grunt-contrib-uglify/-/grunt-contrib-uglify-0.9.2.tgz
122 verbose lock https://registry.npmjs.org/grunt-contrib-uglify/-/grunt-contrib-uglify-0.9.2.tgz /Users/barisaydinoglu/.npm/3174881f-y-grunt-contrib-uglify-0-9-2-tgz.lock
123 verbose addRemoteTarball [ 'https://registry.npmjs.org/grunt-contrib-uglify/-/grunt-contrib-uglify-0.9.2.tgz',
123 verbose addRemoteTarball   '1a61c6f212410e4abb4f7c89153717b101560260' ]
124 info retry fetch attempt 1 at 00:07:40
125 verbose fetch to= /tmp/npm-25816-aeZJHLjH/registry.npmjs.org/grunt-contrib-uglify/-/grunt-contrib-uglify-0.9.2.tgz
126 http GET https://registry.npmjs.org/grunt-contrib-uglify/-/grunt-contrib-uglify-0.9.2.tgz
127 http 304 https://registry.npmjs.org/grunt-git-authors
128 silly registry.get cb [ 304,
128 silly registry.get   { date: 'Wed, 02 Sep 2015 21:07:40 GMT',
128 silly registry.get     via: '1.1 varnish',
128 silly registry.get     'cache-control': 'max-age=60',
128 silly registry.get     etag: '"6DRYYOF46DAGIPSE1KQCG89DY"',
128 silly registry.get     age: '0',
128 silly registry.get     connection: 'keep-alive',
128 silly registry.get     'x-served-by': 'cache-fra1226-FRA',
128 silly registry.get     'x-cache': 'HIT',
128 silly registry.get     'x-cache-hits': '1',
128 silly registry.get     'x-timer': 'S1441228060.436966,VS0,VE101',
128 silly registry.get     vary: 'Accept' } ]
129 verbose etag https://registry.npmjs.org/grunt-git-authors from cache
130 silly lockFile 7470cd16-hors-grunt-git-authors-3-0-0-tgz https://registry.npmjs.org/grunt-git-authors/-/grunt-git-authors-3.0.0.tgz
131 verbose lock https://registry.npmjs.org/grunt-git-authors/-/grunt-git-authors-3.0.0.tgz /Users/barisaydinoglu/.npm/7470cd16-hors-grunt-git-authors-3-0-0-tgz.lock
132 verbose addRemoteTarball [ 'https://registry.npmjs.org/grunt-git-authors/-/grunt-git-authors-3.0.0.tgz',
132 verbose addRemoteTarball   '3aee83b3bb799a330e3434f10e51f40189a25222' ]
133 info retry fetch attempt 1 at 00:07:40
134 verbose fetch to= /tmp/npm-25816-aeZJHLjH/registry.npmjs.org/grunt-git-authors/-/grunt-git-authors-3.0.0.tgz
135 http GET https://registry.npmjs.org/grunt-git-authors/-/grunt-git-authors-3.0.0.tgz
136 http 200 https://registry.npmjs.org/grunt-contrib-qunit
137 silly registry.get cb [ 200,
137 silly registry.get   { server: 'CouchDB/1.5.0 (Erlang OTP/R16B03)',
137 silly registry.get     etag: '"5M6YV3ELI2VW35CIIIM5M43RV"',
137 silly registry.get     'content-type': 'application/json',
137 silly registry.get     'cache-control': 'max-age=60',
137 silly registry.get     'content-length': '35575',
137 silly registry.get     'accept-ranges': 'bytes',
137 silly registry.get     date: 'Wed, 02 Sep 2015 21:07:41 GMT',
137 silly registry.get     via: '1.1 varnish',
137 silly registry.get     age: '0',
137 silly registry.get     connection: 'keep-alive',
137 silly registry.get     'x-served-by': 'cache-fra1247-FRA',
137 silly registry.get     'x-cache': 'HIT',
137 silly registry.get     'x-cache-hits': '1',
137 silly registry.get     'x-timer': 'S1441228060.448006,VS0,VE755',
137 silly registry.get     vary: 'Accept' } ]
138 silly lockFile 5b6a30f5-it-grunt-contrib-qunit-0-7-0-tgz https://registry.npmjs.org/grunt-contrib-qunit/-/grunt-contrib-qunit-0.7.0.tgz
139 verbose lock https://registry.npmjs.org/grunt-contrib-qunit/-/grunt-contrib-qunit-0.7.0.tgz /Users/barisaydinoglu/.npm/5b6a30f5-it-grunt-contrib-qunit-0-7-0-tgz.lock
140 verbose addRemoteTarball [ 'https://registry.npmjs.org/grunt-contrib-qunit/-/grunt-contrib-qunit-0.7.0.tgz',
140 verbose addRemoteTarball   '62a69a36ff0d11e1ca8712090b9e50b775b8f825' ]
141 info retry fetch attempt 1 at 00:07:42
142 verbose fetch to= /tmp/npm-25816-aeZJHLjH/registry.npmjs.org/grunt-contrib-qunit/-/grunt-contrib-qunit-0.7.0.tgz
143 http GET https://registry.npmjs.org/grunt-contrib-qunit/-/grunt-contrib-qunit-0.7.0.tgz
144 http 200 https://registry.npmjs.org/grunt-git-authors/-/grunt-git-authors-3.0.0.tgz
145 http 200 https://registry.npmjs.org/load-grunt-tasks/-/load-grunt-tasks-3.2.0.tgz
146 http 200 https://registry.npmjs.org/grunt-contrib-uglify/-/grunt-contrib-uglify-0.9.2.tgz
147 http 200 https://registry.npmjs.org/grunt-contrib-qunit/-/grunt-contrib-qunit-0.7.0.tgz
148 silly lockFile 7470cd16-hors-grunt-git-authors-3-0-0-tgz https://registry.npmjs.org/grunt-git-authors/-/grunt-git-authors-3.0.0.tgz
149 silly lockFile 7470cd16-hors-grunt-git-authors-3-0-0-tgz https://registry.npmjs.org/grunt-git-authors/-/grunt-git-authors-3.0.0.tgz
150 silly lockFile a6bf5afd-grunt-git-authors-3-0-0 grunt-git-authors@3.0.0
151 silly lockFile a6bf5afd-grunt-git-authors-3-0-0 grunt-git-authors@3.0.0
152 silly lockFile 1ab96274-tasks-load-grunt-tasks-3-2-0-tgz https://registry.npmjs.org/load-grunt-tasks/-/load-grunt-tasks-3.2.0.tgz
153 silly lockFile 1ab96274-tasks-load-grunt-tasks-3-2-0-tgz https://registry.npmjs.org/load-grunt-tasks/-/load-grunt-tasks-3.2.0.tgz
154 silly lockFile 495e6301-load-grunt-tasks-3-2-0 load-grunt-tasks@3.2.0
155 silly lockFile 495e6301-load-grunt-tasks-3-2-0 load-grunt-tasks@3.2.0
156 silly lockFile 3174881f-y-grunt-contrib-uglify-0-9-2-tgz https://registry.npmjs.org/grunt-contrib-uglify/-/grunt-contrib-uglify-0.9.2.tgz
157 silly lockFile 3174881f-y-grunt-contrib-uglify-0-9-2-tgz https://registry.npmjs.org/grunt-contrib-uglify/-/grunt-contrib-uglify-0.9.2.tgz
158 silly lockFile 42275d04-grunt-contrib-uglify-0-9-2 grunt-contrib-uglify@0.9.2
159 silly lockFile 42275d04-grunt-contrib-uglify-0-9-2 grunt-contrib-uglify@0.9.2
160 silly lockFile 5b6a30f5-it-grunt-contrib-qunit-0-7-0-tgz https://registry.npmjs.org/grunt-contrib-qunit/-/grunt-contrib-qunit-0.7.0.tgz
161 silly lockFile 5b6a30f5-it-grunt-contrib-qunit-0-7-0-tgz https://registry.npmjs.org/grunt-contrib-qunit/-/grunt-contrib-qunit-0.7.0.tgz
162 silly lockFile b3b30a4c-grunt-contrib-qunit-0-7-0 grunt-contrib-qunit@0.7.0
163 silly lockFile b3b30a4c-grunt-contrib-qunit-0-7-0 grunt-contrib-qunit@0.7.0
164 http 404 https://registry.npmjs.org/grunt-contrib-jshin
165 silly registry.get cb [ 404,
165 silly registry.get   { 'content-type': 'application/json',
165 silly registry.get     'cache-control': 'max-age=0',
165 silly registry.get     'content-length': '2',
165 silly registry.get     'accept-ranges': 'bytes',
165 silly registry.get     date: 'Wed, 02 Sep 2015 21:07:43 GMT',
165 silly registry.get     via: '1.1 varnish',
165 silly registry.get     age: '0',
165 silly registry.get     connection: 'keep-alive',
165 silly registry.get     'x-served-by': 'cache-fra1239-FRA',
165 silly registry.get     'x-cache': 'MISS',
165 silly registry.get     'x-cache-hits': '0',
165 silly registry.get     'x-timer': 'S1441228062.639356,VS0,VE426' } ]
166 silly lockFile 8f4477b6-grunt-contrib-jshin-0-11-2 grunt-contrib-jshin@0.11.2
167 silly lockFile 8f4477b6-grunt-contrib-jshin-0-11-2 grunt-contrib-jshin@0.11.2
168 error 404 Not Found
168 error 404
168 error 404 'grunt-contrib-jshin' is not in the npm registry.
168 error 404 You should bug the author to publish it
168 error 404 It was specified as a dependency of 'detectizr'
168 error 404
168 error 404 Note that you can also install from a
168 error 404 tarball, folder, or http url, or git url.
169 error System Darwin 14.5.0
170 error command "node" "/usr/local/bin/npm" "install"
171 error cwd /Users/barisaydinoglu/Projects/Detectizr
172 error node -v v0.10.35
173 error npm -v 1.4.28
174 error code E404
175 verbose exit [ 1, true ]
